<?xml version="1.0" encoding="UTF-8"?>
<testng-results skipped="0" failed="0" ignored="0" total="1" passed="1">
  <reporter-output>
  </reporter-output>
  <suite name="Suite" duration-ms="9167" started-at="2019-03-15T09:02:10Z" finished-at="2019-03-15T09:02:19Z">
    <groups>
    </groups>
    <test name="Test" duration-ms="9167" started-at="2019-03-15T09:02:10Z" finished-at="2019-03-15T09:02:19Z">
      <class name="day10.FirstScript">
        <test-method status="PASS" signature="beforeTest()[pri:0, instance:day10.FirstScript@15b3e5b]" name="beforeTest" is-config="true" duration-ms="3822" started-at="2019-03-15T14:32:10Z" finished-at="2019-03-15T14:32:13Z">
          <reporter-output>
          </reporter-output>
        </test-method> <!-- beforeTest -->
        <test-method status="PASS" signature="f()[pri:0, instance:day10.FirstScript@15b3e5b]" name="f" duration-ms="4408" started-at="2019-03-15T14:32:13Z" finished-at="2019-03-15T14:32:18Z">
          <reporter-output>
          </reporter-output>
        </test-method> <!-- f -->
        <test-method status="PASS" signature="afterTest()[pri:0, instance:day10.FirstScript@15b3e5b]" name="afterTest" is-config="true" duration-ms="788" started-at="2019-03-15T14:32:18Z" finished-at="2019-03-15T14:32:19Z">
          <reporter-output>
          </reporter-output>
        </test-method> <!-- afterTest -->
      </class> <!-- day10.FirstScript -->
    </test> <!-- Test -->
  </suite> <!-- Suite -->
</testng-results>
