<?xml version="1.0" encoding="UTF-8"?>
<!-- Generated by org.testng.reporters.JUnitXMLReporter -->
<testsuite hostname="Infva06894" ignored="0" name="dependsExample" tests="3" failures="0" timestamp="13 Mar 2019 07:20:53 GMT" time="8.429" errors="0">
  <testcase name="f1" time="2.043" classname="Day8.dependsExample"/>
  <testcase name="f2" time="0.042" classname="Day8.dependsExample"/>
  <testcase name="f3" time="2.772" classname="Day8.dependsExample"/>
</testsuite> <!-- dependsExample -->
