<?xml version="1.0" encoding="UTF-8"?>
<!-- Generated by org.testng.reporters.JUnitXMLReporter -->
<testsuite hostname="Infva06894" ignored="0" name="dependsExamplechrome" tests="3" failures="0" timestamp="13 Mar 2019 07:24:19 GMT" time="8.046" errors="0">
  <testcase name="f1" time="2.535" classname="Day8.dependsExample"/>
  <testcase name="f2" time="0.045" classname="Day8.dependsExample"/>
  <testcase name="f3" time="2.39" classname="Day8.dependsExample"/>
</testsuite> <!-- dependsExamplechrome -->
