<?xml version="1.0" encoding="UTF-8"?>
<!-- Generated by org.testng.reporters.JUnitXMLReporter -->
<testsuite hostname="Infva06894" ignored="2" name="Test" tests="1" failures="0" timestamp="13 Mar 2019 09:11:00 GMT" time="0.026" errors="0">
  <testcase name="f1" time="0.008" classname="Day8.Grouping"/>
  <testcase name="f2" time="0.0" classname="Day8.Grouping">
    <ignored/>
  </testcase> <!-- f2 -->
  <testcase name="f3" time="0.0" classname="Day8.Grouping">
    <ignored/>
  </testcase> <!-- f3 -->
</testsuite> <!-- Test -->
