<?xml version="1.0" encoding="UTF-8"?>
<testng-results skipped="0" failed="0" ignored="0" total="2" passed="2">
  <reporter-output>
  </reporter-output>
  <suite name="Suite" duration-ms="15183" started-at="2019-03-14T10:16:09Z" finished-at="2019-03-14T10:16:24Z">
    <groups>
    </groups>
    <test name="ChromeTest" duration-ms="8858" started-at="2019-03-14T10:16:09Z" finished-at="2019-03-14T10:16:17Z">
      <class name="Day9.GridExample">
        <test-method status="PASS" signature="BeforeTest(java.lang.String)[pri:0, instance:Day9.GridExample@548a9f61]" name="BeforeTest" is-config="true" duration-ms="3857" started-at="2019-03-14T15:46:09Z" finished-at="2019-03-14T15:46:12Z">
          <params>
            <param index="0">
              <value>
                <![CDATA[chrome]]>
              </value>
            </param>
          </params>
          <reporter-output>
          </reporter-output>
        </test-method> <!-- BeforeTest -->
        <test-method status="PASS" signature="f()[pri:0, instance:Day9.GridExample@548a9f61]" name="f" duration-ms="4813" started-at="2019-03-14T15:46:12Z" finished-at="2019-03-14T15:46:17Z">
          <reporter-output>
          </reporter-output>
        </test-method> <!-- f -->
        <test-method status="PASS" signature="AfterTest()[pri:0, instance:Day9.GridExample@548a9f61]" name="AfterTest" is-config="true" duration-ms="169" started-at="2019-03-14T15:46:17Z" finished-at="2019-03-14T15:46:17Z">
          <reporter-output>
          </reporter-output>
        </test-method> <!-- AfterTest -->
      </class> <!-- Day9.GridExample -->
    </test> <!-- ChromeTest -->
    <test name="FFTest" duration-ms="15183" started-at="2019-03-14T10:16:09Z" finished-at="2019-03-14T10:16:24Z">
      <class name="Day9.GridExample">
        <test-method status="PASS" signature="BeforeTest(java.lang.String)[pri:0, instance:Day9.GridExample@224edc67]" name="BeforeTest" is-config="true" duration-ms="10733" started-at="2019-03-14T15:46:09Z" finished-at="2019-03-14T15:46:19Z">
          <params>
            <param index="0">
              <value>
                <![CDATA[firefox]]>
              </value>
            </param>
          </params>
          <reporter-output>
          </reporter-output>
        </test-method> <!-- BeforeTest -->
        <test-method status="PASS" signature="f()[pri:0, instance:Day9.GridExample@224edc67]" name="f" duration-ms="3072" started-at="2019-03-14T15:46:19Z" finished-at="2019-03-14T15:46:22Z">
          <reporter-output>
          </reporter-output>
        </test-method> <!-- f -->
        <test-method status="PASS" signature="AfterTest()[pri:0, instance:Day9.GridExample@224edc67]" name="AfterTest" is-config="true" duration-ms="1372" started-at="2019-03-14T15:46:22Z" finished-at="2019-03-14T15:46:24Z">
          <reporter-output>
          </reporter-output>
        </test-method> <!-- AfterTest -->
      </class> <!-- Day9.GridExample -->
    </test> <!-- FFTest -->
  </suite> <!-- Suite -->
</testng-results>
