<?xml version="1.0" encoding="UTF-8"?>
<testng-results skipped="0" failed="0" ignored="0" total="1" passed="1">
  <reporter-output>
  </reporter-output>
  <suite name="Default suite" duration-ms="246" started-at="2019-03-15T11:56:25Z" finished-at="2019-03-15T11:56:25Z">
    <groups>
    </groups>
    <test name="Default test" duration-ms="246" started-at="2019-03-15T11:56:25Z" finished-at="2019-03-15T11:56:25Z">
      <class name="day10.Ref">
        <test-method status="PASS" signature="f()[pri:0, instance:day10.Ref@345965f2]" name="f" duration-ms="125" started-at="2019-03-15T17:26:25Z" finished-at="2019-03-15T17:26:25Z">
          <reporter-output>
          </reporter-output>
        </test-method> <!-- f -->
      </class> <!-- day10.Ref -->
    </test> <!-- Default test -->
  </suite> <!-- Default suite -->
</testng-results>
